# Logfile created on 2013-12-31 18:34:12 -0500 by logger.rb/41954
I, [2013-12-31T18:34:12.816987 #24198]  INFO -- : 0:  rake (10.1.1) from /Users/akerl/.rbenv/versions/2.0.0-p353/lib/ruby/gems/2.0.0/specifications/rake-10.1.1.gemspec
I, [2013-12-31T18:34:12.818009 #24198]  INFO -- : 0:  ast (1.1.0) from /Users/akerl/.rbenv/versions/2.0.0-p353/lib/ruby/gems/2.0.0/specifications/ast-1.1.0.gemspec
I, [2013-12-31T18:34:12.818464 #24198]  INFO -- : 0:  basiccache (0.0.27) from /Users/akerl/.rbenv/versions/2.0.0-p353/lib/ruby/gems/2.0.0/specifications/basiccache-0.0.27.gemspec
I, [2013-12-31T18:34:12.819114 #24198]  INFO -- : 0:  multi_json (1.8.2) from /Users/akerl/.rbenv/versions/2.0.0-p353/lib/ruby/gems/2.0.0/specifications/multi_json-1.8.2.gemspec
I, [2013-12-31T18:34:12.819699 #24198]  INFO -- : 0:  mime-types (2.0) from /Users/akerl/.rbenv/versions/2.0.0-p353/lib/ruby/gems/2.0.0/specifications/mime-types-2.0.gemspec
I, [2013-12-31T18:34:12.820078 #24198]  INFO -- : 0:  rest-client (1.6.7) from /Users/akerl/.rbenv/versions/2.0.0-p353/lib/ruby/gems/2.0.0/specifications/rest-client-1.6.7.gemspec
I, [2013-12-31T18:34:12.820475 #24198]  INFO -- : 0:  docile (1.1.1) from /Users/akerl/.rbenv/versions/2.0.0-p353/lib/ruby/gems/2.0.0/specifications/docile-1.1.1.gemspec
I, [2013-12-31T18:34:12.820865 #24198]  INFO -- : 0:  simplecov-html (0.8.0) from /Users/akerl/.rbenv/versions/2.0.0-p353/lib/ruby/gems/2.0.0/specifications/simplecov-html-0.8.0.gemspec
I, [2013-12-31T18:34:12.821235 #24198]  INFO -- : 0:  simplecov (0.8.2) from /Users/akerl/.rbenv/versions/2.0.0-p353/lib/ruby/gems/2.0.0/specifications/simplecov-0.8.2.gemspec
I, [2013-12-31T18:34:12.821577 #24198]  INFO -- : 0:  tins (0.13.1) from /Users/akerl/.rbenv/versions/2.0.0-p353/lib/ruby/gems/2.0.0/specifications/tins-0.13.1.gemspec
I, [2013-12-31T18:34:12.821990 #24198]  INFO -- : 0:  term-ansicolor (1.2.2) from /Users/akerl/.rbenv/versions/2.0.0-p353/lib/ruby/gems/2.0.0/specifications/term-ansicolor-1.2.2.gemspec
I, [2013-12-31T18:34:12.822312 #24198]  INFO -- : 0:  thor (0.18.1) from /Users/akerl/.rbenv/versions/2.0.0-p353/lib/ruby/gems/2.0.0/specifications/thor-0.18.1.gemspec
I, [2013-12-31T18:34:12.822743 #24198]  INFO -- : 0:  coveralls (0.7.0) from /Users/akerl/.rbenv/versions/2.0.0-p353/lib/ruby/gems/2.0.0/specifications/coveralls-0.7.0.gemspec
I, [2013-12-31T18:34:12.823093 #24198]  INFO -- : 0:  curb (0.8.5) from /Users/akerl/.rbenv/versions/2.0.0-p353/lib/ruby/gems/2.0.0/specifications/curb-0.8.5.gemspec
I, [2013-12-31T18:34:12.823455 #24198]  INFO -- : 0:  diff-lcs (1.2.5) from /Users/akerl/.rbenv/versions/2.0.0-p353/lib/ruby/gems/2.0.0/specifications/diff-lcs-1.2.5.gemspec
I, [2013-12-31T18:34:12.823809 #24198]  INFO -- : 0:  rspec-core (2.14.7) from /Users/akerl/.rbenv/versions/2.0.0-p353/lib/ruby/gems/2.0.0/specifications/rspec-core-2.14.7.gemspec
I, [2013-12-31T18:34:12.824399 #24198]  INFO -- : 0:  rspec-expectations (2.14.4) from /Users/akerl/.rbenv/versions/2.0.0-p353/lib/ruby/gems/2.0.0/specifications/rspec-expectations-2.14.4.gemspec
I, [2013-12-31T18:34:12.825002 #24198]  INFO -- : 0:  rspec-mocks (2.14.4) from /Users/akerl/.rbenv/versions/2.0.0-p353/lib/ruby/gems/2.0.0/specifications/rspec-mocks-2.14.4.gemspec
I, [2013-12-31T18:34:12.825563 #24198]  INFO -- : 0:  rspec (2.14.1) from /Users/akerl/.rbenv/versions/2.0.0-p353/lib/ruby/gems/2.0.0/specifications/rspec-2.14.1.gemspec
I, [2013-12-31T18:34:12.826133 #24198]  INFO -- : 0:  ruby-progressbar (1.3.2) from /Users/akerl/.rbenv/versions/2.0.0-p353/lib/ruby/gems/2.0.0/specifications/ruby-progressbar-1.3.2.gemspec
I, [2013-12-31T18:34:12.826716 #24198]  INFO -- : 0:  fuubar (1.3.2) from /Users/akerl/.rbenv/versions/2.0.0-p353/lib/ruby/gems/2.0.0/specifications/fuubar-1.3.2.gemspec
I, [2013-12-31T18:34:12.827278 #24198]  INFO -- : 0:  json (1.8.1) from /Users/akerl/.rbenv/versions/2.0.0-p353/lib/ruby/gems/2.0.0/specifications/json-1.8.1.gemspec
I, [2013-12-31T18:34:12.828222 #24198]  INFO -- : 0:  githubstats (0.2.5) from /Users/akerl/.rbenv/versions/2.0.0-p353/lib/ruby/gems/2.0.0/specifications/githubstats-0.2.5.gemspec
I, [2013-12-31T18:34:12.851593 #24198]  INFO -- : 0:  rasem (0.6.1) from /Users/akerl/.rbenv/versions/2.0.0-p353/lib/ruby/gems/2.0.0/specifications/rasem-0.6.1.gemspec
I, [2013-12-31T18:34:13.902131 #24198]  INFO -- : 0:  githubchart (0.0.5) from /Users/akerl/Code/githubchart/githubchart.gemspec
I, [2013-12-31T18:34:13.902971 #24198]  INFO -- : 0:  hashr (0.0.22) from /Users/akerl/.rbenv/versions/2.0.0-p353/lib/ruby/gems/2.0.0/specifications/hashr-0.0.22.gemspec
I, [2013-12-31T18:34:13.903546 #24198]  INFO -- : 0:  slop (3.4.7) from /Users/akerl/.rbenv/versions/2.0.0-p353/lib/ruby/gems/2.0.0/specifications/slop-3.4.7.gemspec
I, [2013-12-31T18:34:13.904112 #24198]  INFO -- : 0:  parser (2.1.1) from /Users/akerl/.rbenv/versions/2.0.0-p353/lib/ruby/gems/2.0.0/specifications/parser-2.1.1.gemspec
I, [2013-12-31T18:34:13.904678 #24198]  INFO -- : 0:  powerpack (0.0.9) from /Users/akerl/.rbenv/versions/2.0.0-p353/lib/ruby/gems/2.0.0/specifications/powerpack-0.0.9.gemspec
I, [2013-12-31T18:34:13.905237 #24198]  INFO -- : 0:  rainbow (1.99.1) from /Users/akerl/.rbenv/versions/2.0.0-p353/lib/ruby/gems/2.0.0/specifications/rainbow-1.99.1.gemspec
I, [2013-12-31T18:34:13.905804 #24198]  INFO -- : 0:  rubocop (0.16.0) from /Users/akerl/.rbenv/versions/2.0.0-p353/lib/ruby/gems/2.0.0/specifications/rubocop-0.16.0.gemspec
I, [2013-12-31T18:34:13.906382 #24198]  INFO -- : 0:  travis-lint (1.7.0) from /Users/akerl/.rbenv/versions/2.0.0-p353/lib/ruby/gems/2.0.0/specifications/travis-lint-1.7.0.gemspec
I, [2013-12-31T18:34:13.906897 #24198]  INFO -- : 0:  bundler (1.5.1) from /Users/akerl/.rbenv/versions/2.0.0-p353/lib/ruby/gems/2.0.0/specifications/bundler-1.5.1.gemspec
